<?xml version="1.0" encoding="UTF-8"?>
<coverage generated="1569557651631" clover="3.2.0">
  <project timestamp="1569557651631" name="All files">
    <metrics statements="62" coveredstatements="58" conditionals="16" coveredconditionals="16" methods="8" coveredmethods="6" elements="86" coveredelements="80" complexity="0" loc="62" ncloc="62" packages="2" files="9" classes="9">
      <package name="src">
        <metrics statements="22" coveredstatements="18" conditionals="2" coveredconditionals="2" methods="6" coveredmethods="4"/>
        <file name="getters.ts" path="D:\Projekty\waether app\weather-app\src\getters.ts">
          <metrics statements="3" coveredstatements="3" conditionals="0" coveredconditionals="0" methods="3" coveredmethods="3"/>
          <line num="2" count="1" type="stmt"/>
          <line num="3" count="1" type="stmt"/>
          <line num="4" count="6" type="stmt"/>
        </file>
        <file name="mutations.ts" path="D:\Projekty\waether app\weather-app\src\mutations.ts">
          <metrics statements="5" coveredstatements="5" conditionals="2" coveredconditionals="2" methods="1" coveredmethods="1"/>
          <line num="3" count="3" type="stmt"/>
          <line num="5" count="3" type="stmt"/>
          <line num="18" count="3" type="stmt"/>
          <line num="27" count="2" type="stmt"/>
          <line num="30" count="1" type="stmt"/>
        </file>
        <file name="myFilters.ts" path="D:\Projekty\waether app\weather-app\src\myFilters.ts">
          <metrics statements="3" coveredstatements="3" conditionals="0" coveredconditionals="0" methods="0" coveredmethods="0"/>
          <line num="5" count="8" type="stmt"/>
          <line num="7" count="8" type="stmt"/>
          <line num="13" count="15" type="stmt"/>
        </file>
        <file name="store.ts" path="D:\Projekty\waether app\weather-app\src\store.ts">
          <metrics statements="11" coveredstatements="7" conditionals="0" coveredconditionals="0" methods="2" coveredmethods="0"/>
          <line num="1" count="5" type="stmt"/>
          <line num="2" count="5" type="stmt"/>
          <line num="3" count="5" type="stmt"/>
          <line num="4" count="5" type="stmt"/>
          <line num="6" count="5" type="stmt"/>
          <line num="7" count="5" type="stmt"/>
          <line num="9" count="5" type="stmt"/>
          <line num="19" count="0" type="stmt"/>
          <line num="22" count="0" type="stmt"/>
          <line num="25" count="0" type="stmt"/>
          <line num="29" count="0" type="stmt"/>
        </file>
      </package>
      <package name="src.components">
        <metrics statements="40" coveredstatements="40" conditionals="14" coveredconditionals="14" methods="2" coveredmethods="2"/>
        <file name="Card.vue" path="D:\Projekty\waether app\weather-app\src\components\Card.vue">
          <metrics statements="26" coveredstatements="26" conditionals="12" coveredconditionals="12" methods="2" coveredmethods="2"/>
          <line num="25" count="1" type="stmt"/>
          <line num="26" count="1" type="stmt"/>
          <line num="27" count="1" type="stmt"/>
          <line num="28" count="1" type="stmt"/>
          <line num="33" count="4" type="stmt"/>
          <line num="44" count="7" type="stmt"/>
          <line num="46" count="7" type="stmt"/>
          <line num="48" count="7" type="stmt"/>
          <line num="54" count="7" type="stmt"/>
          <line num="56" count="7" type="stmt"/>
          <line num="58" count="7" type="stmt"/>
          <line num="60" count="7" type="stmt"/>
          <line num="69" count="7" type="stmt"/>
          <line num="70" count="14" type="stmt"/>
          <line num="72" count="14" type="stmt"/>
          <line num="73" count="14" type="stmt"/>
          <line num="74" count="14" type="stmt"/>
          <line num="75" count="14" type="stmt"/>
          <line num="77" count="14" type="cond" truecount="4" falsecount="0"/>
          <line num="78" count="8" type="stmt"/>
          <line num="81" count="14" type="cond" truecount="4" falsecount="0"/>
          <line num="82" count="11" type="stmt"/>
          <line num="86" count="64" type="stmt"/>
          <line num="89" count="7" type="cond" truecount="2" falsecount="0"/>
          <line num="90" count="5" type="stmt"/>
          <line num="93" count="7" type="stmt"/>
        </file>
        <file name="LanguageSwitcher.vue" path="D:\Projekty\waether app\weather-app\src\components\LanguageSwitcher.vue">
          <metrics statements="4" coveredstatements="4" conditionals="0" coveredconditionals="0" methods="0" coveredmethods="0"/>
          <line num="15" count="1" type="stmt"/>
          <line num="20" count="3" type="stmt"/>
          <line num="29" count="3" type="stmt"/>
          <line num="33" count="4" type="stmt"/>
        </file>
        <file name="Search.vue" path="D:\Projekty\waether app\weather-app\src\components\Search.vue">
          <metrics statements="4" coveredstatements="4" conditionals="0" coveredconditionals="0" methods="0" coveredmethods="0"/>
          <line num="36" count="1" type="stmt"/>
          <line num="41" count="3" type="stmt"/>
          <line num="50" count="1" type="stmt"/>
          <line num="52" count="1" type="stmt"/>
        </file>
        <file name="Statistics.vue" path="D:\Projekty\waether app\weather-app\src\components\Statistics.vue">
          <metrics statements="2" coveredstatements="2" conditionals="0" coveredconditionals="0" methods="0" coveredmethods="0"/>
          <line num="13" count="2" type="stmt"/>
          <line num="28" count="1" type="stmt"/>
        </file>
        <file name="TimePeriods.vue" path="D:\Projekty\waether app\weather-app\src\components\TimePeriods.vue">
          <metrics statements="4" coveredstatements="4" conditionals="2" coveredconditionals="2" methods="0" coveredmethods="0"/>
          <line num="32" count="4" type="stmt"/>
          <line num="34" count="4" type="cond" truecount="2" falsecount="0"/>
          <line num="35" count="2" type="stmt"/>
          <line num="38" count="2" type="stmt"/>
        </file>
      </package>
    </metrics>
  </project>
</coverage>
