{"D:\\Projekty\\waether app\\weather-app\\src\\getters.ts": {"path":"D:\\Projekty\\waether app\\weather-app\\src\\getters.ts","statementMap":{"0":{"start":{"line":2,"column":20},"end":{"line":1,"column":15}},"1":{"start":{"line":3,"column":21},"end":{"line":1,"column":15}},"2":{"start":{"line":4,"column":24},"end":{"line":4,"column":30}}},"fnMap":{"0":{"name":"(anonymous_0)","decl":{"start":{"line":2,"column":11},"end":{"line":2,"column":15}},"loc":{"start":{"line":2,"column":20},"end":{"line":1,"column":15}}},"1":{"name":"(anonymous_1)","decl":{"start":{"line":3,"column":12},"end":{"line":3,"column":16}},"loc":{"start":{"line":3,"column":21},"end":{"line":1,"column":15}}},"2":{"name":"(anonymous_2)","decl":{"start":{"line":4,"column":15},"end":{"line":4,"column":19}},"loc":{"start":{"line":4,"column":24},"end":{"line":4,"column":30}}}},"branchMap":{},"s":{"0":1,"1":1,"2":6},"f":{"0":1,"1":1,"2":6},"b":{}}
,"D:\\Projekty\\waether app\\weather-app\\src\\mutations.ts": {"path":"D:\\Projekty\\waether app\\weather-app\\src\\mutations.ts","statementMap":{"0":{"start":{"line":3,"column":4},"end":{"line":null,"column":-1}},"1":{"start":{"line":5,"column":24},"end":{"line":5,"column":4}},"2":{"start":{"line":5,"column":57},"end":{"line":5,"column":38}},"3":{"start":{"line":18,"column":4},"end":{"line":null,"column":-1}},"4":{"start":{"line":27,"column":4},"end":{"line":null,"column":-1}},"5":{"start":{"line":30,"column":4},"end":{"line":null,"column":-1}}},"fnMap":{"0":{"name":"(anonymous_0)","decl":{"start":{"line":5,"column":39},"end":{"line":5,"column":37}},"loc":{"start":{"line":5,"column":57},"end":{"line":5,"column":38}}}},"branchMap":{"0":{"loc":{"start":{"line":9,"column":27},"end":{"line":9,"column":12}},"type":"cond-expr","locations":[{"start":{"line":9,"column":27},"end":{"line":9,"column":12}},{"start":{"line":9,"column":42},"end":{"line":5,"column":57}}]}},"s":{"0":3,"1":3,"2":3,"3":3,"4":2,"5":1},"f":{"0":3},"b":{"0":[2,1]}}
,"D:\\Projekty\\waether app\\weather-app\\src\\myFilters.ts": {"path":"D:\\Projekty\\waether app\\weather-app\\src\\myFilters.ts","statementMap":{"0":{"start":{"line":5,"column":25},"end":{"line":5,"column":6}},"1":{"start":{"line":7,"column":6},"end":{"line":null,"column":-1}},"2":{"start":{"line":13,"column":6},"end":{"line":null,"column":-1}}},"fnMap":{},"branchMap":{},"s":{"0":8,"1":8,"2":15},"f":{},"b":{}}
,"D:\\Projekty\\waether app\\weather-app\\src\\store.ts": {"path":"D:\\Projekty\\waether app\\weather-app\\src\\store.ts","statementMap":{"0":{"start":{"line":1,"column":0},"end":{"line":null,"column":-1}},"1":{"start":{"line":2,"column":0},"end":{"line":null,"column":-1}},"2":{"start":{"line":3,"column":0},"end":{"line":null,"column":-1}},"3":{"start":{"line":4,"column":0},"end":{"line":null,"column":-1}},"4":{"start":{"line":6,"column":0},"end":{"line":null,"column":-1}},"5":{"start":{"line":7,"column":0},"end":{"line":null,"column":-1}},"6":{"start":{"line":9,"column":0},"end":{"line":null,"column":-1}},"7":{"start":{"line":19,"column":6},"end":{"line":null,"column":-1}},"8":{"start":{"line":22,"column":10},"end":{"line":null,"column":-1}},"9":{"start":{"line":25,"column":10},"end":{"line":null,"column":-1}},"10":{"start":{"line":29,"column":6},"end":{"line":null,"column":-1}}},"fnMap":{"0":{"name":"(anonymous_0)","decl":{"start":{"line":21,"column":15},"end":{"line":21,"column":13}},"loc":{"start":{"line":21,"column":22},"end":{"line":19,"column":6}}},"1":{"name":"(anonymous_1)","decl":{"start":{"line":24,"column":16},"end":{"line":24,"column":14}},"loc":{"start":{"line":24,"column":23},"end":{"line":19,"column":6}}}},"branchMap":{},"s":{"0":5,"1":5,"2":5,"3":5,"4":5,"5":5,"6":5,"7":0,"8":0,"9":0,"10":0},"f":{"0":0,"1":0},"b":{}}
,"D:\\Projekty\\waether app\\weather-app\\src\\components\\Card.vue": {"path":"D:\\Projekty\\waether app\\weather-app\\src\\components\\Card.vue","statementMap":{"0":{"start":{"line":25,"column":0},"end":{"line":null,"column":-1}},"1":{"start":{"line":26,"column":0},"end":{"line":null,"column":-1}},"2":{"start":{"line":27,"column":0},"end":{"line":null,"column":-1}},"3":{"start":{"line":28,"column":0},"end":{"line":null,"column":-1}},"4":{"start":{"line":33,"column":0},"end":{"line":null,"column":-1}},"5":{"start":{"line":44,"column":0},"end":{"line":null,"column":-1}},"6":{"start":{"line":46,"column":0},"end":{"line":null,"column":-1}},"7":{"start":{"line":48,"column":0},"end":{"line":null,"column":-1}},"8":{"start":{"line":54,"column":0},"end":{"line":null,"column":-1}},"9":{"start":{"line":56,"column":0},"end":{"line":null,"column":-1}},"10":{"start":{"line":58,"column":0},"end":{"line":null,"column":-1}},"11":{"start":{"line":60,"column":0},"end":{"line":null,"column":-1}},"12":{"start":{"line":69,"column":0},"end":{"line":84,"column":0}},"13":{"start":{"line":70,"column":0},"end":{"line":null,"column":-1}},"14":{"start":{"line":72,"column":0},"end":{"line":null,"column":-1}},"15":{"start":{"line":73,"column":0},"end":{"line":null,"column":-1}},"16":{"start":{"line":74,"column":0},"end":{"line":null,"column":-1}},"17":{"start":{"line":75,"column":0},"end":{"line":null,"column":-1}},"18":{"start":{"line":77,"column":0},"end":{"line":79,"column":0}},"19":{"start":{"line":78,"column":0},"end":{"line":null,"column":-1}},"20":{"start":{"line":81,"column":0},"end":{"line":83,"column":0}},"21":{"start":{"line":82,"column":0},"end":{"line":null,"column":-1}},"22":{"start":{"line":86,"column":0},"end":{"line":null,"column":-1}},"23":{"start":{"line":89,"column":0},"end":{"line":91,"column":0}},"24":{"start":{"line":90,"column":0},"end":{"line":null,"column":-1}},"25":{"start":{"line":93,"column":0},"end":{"line":null,"column":-1}}},"fnMap":{"0":{"name":"(anonymous_1)","decl":{"start":{"line":69,"column":0},"end":{"line":null,"column":-1}},"loc":{"start":{"line":69,"column":0},"end":{"line":84,"column":0}}},"1":{"name":"(anonymous_2)","decl":{"start":{"line":86,"column":0},"end":{"line":null,"column":-1}},"loc":{"start":{"line":86,"column":0},"end":{"line":null,"column":-1}}}},"branchMap":{"0":{"loc":{"start":{"line":77,"column":0},"end":{"line":79,"column":0}},"type":"if","locations":[{"start":{"line":77,"column":0},"end":{"line":79,"column":0}},{"start":{"line":77,"column":0},"end":{"line":79,"column":0}}]},"1":{"loc":{"start":{"line":77,"column":0},"end":{"line":null,"column":-1}},"type":"binary-expr","locations":[{"start":{"line":77,"column":0},"end":{"line":null,"column":-1}},{"start":{"line":77,"column":0},"end":{"line":null,"column":-1}}]},"2":{"loc":{"start":{"line":81,"column":0},"end":{"line":83,"column":0}},"type":"if","locations":[{"start":{"line":81,"column":0},"end":{"line":83,"column":0}},{"start":{"line":81,"column":0},"end":{"line":83,"column":0}}]},"3":{"loc":{"start":{"line":81,"column":0},"end":{"line":null,"column":-1}},"type":"binary-expr","locations":[{"start":{"line":81,"column":0},"end":{"line":null,"column":-1}},{"start":{"line":81,"column":0},"end":{"line":null,"column":-1}}]},"4":{"loc":{"start":{"line":89,"column":0},"end":{"line":91,"column":0}},"type":"if","locations":[{"start":{"line":89,"column":0},"end":{"line":91,"column":0}},{"start":{"line":89,"column":0},"end":{"line":91,"column":0}}]},"5":{"loc":{"start":{"line":97,"column":0},"end":{"line":null,"column":-1}},"type":"cond-expr","locations":[{"start":{"line":97,"column":0},"end":{"line":null,"column":-1}},{"start":{"line":97,"column":0},"end":{"line":null,"column":-1}}]}},"s":{"0":1,"1":1,"2":1,"3":1,"4":4,"5":7,"6":7,"7":7,"8":7,"9":7,"10":7,"11":7,"12":7,"13":14,"14":14,"15":14,"16":14,"17":14,"18":14,"19":8,"20":14,"21":11,"22":64,"23":7,"24":5,"25":7},"f":{"0":14,"1":57},"b":{"0":[8,6],"1":[14,13],"2":[11,3],"3":[14,3],"4":[5,2],"5":[5,2]}}
,"D:\\Projekty\\waether app\\weather-app\\src\\components\\LanguageSwitcher.vue": {"path":"D:\\Projekty\\waether app\\weather-app\\src\\components\\LanguageSwitcher.vue","statementMap":{"0":{"start":{"line":15,"column":0},"end":{"line":null,"column":-1}},"1":{"start":{"line":20,"column":0},"end":{"line":null,"column":-1}},"2":{"start":{"line":29,"column":0},"end":{"line":null,"column":-1}},"3":{"start":{"line":33,"column":0},"end":{"line":null,"column":-1}}},"fnMap":{},"branchMap":{},"s":{"0":1,"1":3,"2":3,"3":4},"f":{},"b":{}}
,"D:\\Projekty\\waether app\\weather-app\\src\\components\\Search.vue": {"path":"D:\\Projekty\\waether app\\weather-app\\src\\components\\Search.vue","statementMap":{"0":{"start":{"line":36,"column":0},"end":{"line":null,"column":-1}},"1":{"start":{"line":41,"column":0},"end":{"line":null,"column":-1}},"2":{"start":{"line":50,"column":0},"end":{"line":null,"column":-1}},"3":{"start":{"line":52,"column":0},"end":{"line":null,"column":-1}}},"fnMap":{},"branchMap":{},"s":{"0":1,"1":3,"2":1,"3":1},"f":{},"b":{}}
,"D:\\Projekty\\waether app\\weather-app\\src\\components\\Statistics.vue": {"path":"D:\\Projekty\\waether app\\weather-app\\src\\components\\Statistics.vue","statementMap":{"0":{"start":{"line":13,"column":0},"end":{"line":null,"column":-1}},"1":{"start":{"line":28,"column":0},"end":{"line":59,"column":0}}},"fnMap":{},"branchMap":{},"s":{"0":2,"1":1},"f":{},"b":{}}
,"D:\\Projekty\\waether app\\weather-app\\src\\components\\TimePeriods.vue": {"path":"D:\\Projekty\\waether app\\weather-app\\src\\components\\TimePeriods.vue","statementMap":{"0":{"start":{"line":32,"column":0},"end":{"line":null,"column":-1}},"1":{"start":{"line":34,"column":0},"end":{"line":36,"column":0}},"2":{"start":{"line":35,"column":0},"end":{"line":null,"column":-1}},"3":{"start":{"line":38,"column":0},"end":{"line":null,"column":-1}}},"fnMap":{},"branchMap":{"0":{"loc":{"start":{"line":34,"column":0},"end":{"line":36,"column":0}},"type":"if","locations":[{"start":{"line":34,"column":0},"end":{"line":36,"column":0}},{"start":{"line":34,"column":0},"end":{"line":36,"column":0}}]}},"s":{"0":4,"1":4,"2":2,"3":2},"f":{},"b":{"0":[2,2]}}
}
