TN:
SF:D:\Projekty\waether app\weather-app\src\getters.ts
FN:2,(anonymous_0)
FN:3,(anonymous_1)
FN:4,(anonymous_2)
FNF:3
FNH:3
FNDA:1,(anonymous_0)
FNDA:1,(anonymous_1)
FNDA:5,(anonymous_2)
DA:2,1
DA:3,1
DA:4,5
LF:3
LH:3
BRF:0
BRH:0
end_of_record
TN:
SF:D:\Projekty\waether app\weather-app\src\mutations.ts
FN:5,(anonymous_0)
FNF:1
FNH:1
FNDA:3,(anonymous_0)
DA:3,3
DA:5,3
DA:18,3
DA:27,2
LF:4
LH:4
BRDA:9,0,0,2
BRDA:9,0,1,1
BRF:2
BRH:2
end_of_record
TN:
SF:D:\Projekty\waether app\weather-app\src\myFilters.ts
FNF:0
FNH:0
DA:5,8
DA:7,8
DA:13,15
LF:3
LH:3
BRF:0
BRH:0
end_of_record
TN:
SF:D:\Projekty\waether app\weather-app\src\store.ts
FN:21,(anonymous_0)
FN:24,(anonymous_1)
FNF:2
FNH:0
FNDA:0,(anonymous_0)
FNDA:0,(anonymous_1)
DA:1,4
DA:2,4
DA:3,4
DA:4,4
DA:6,4
DA:7,4
DA:9,4
DA:19,0
DA:22,0
DA:25,0
LF:10
LH:7
BRF:0
BRH:0
end_of_record
TN:
SF:D:\Projekty\waether app\weather-app\src\components\Card.vue
FN:69,(anonymous_1)
FN:86,(anonymous_2)
FNF:2
FNH:2
FNDA:14,(anonymous_1)
FNDA:57,(anonymous_2)
DA:25,1
DA:26,1
DA:27,1
DA:28,1
DA:33,4
DA:44,7
DA:46,7
DA:48,7
DA:54,7
DA:56,7
DA:58,7
DA:60,7
DA:69,7
DA:70,14
DA:72,14
DA:73,14
DA:74,14
DA:75,14
DA:77,14
DA:78,8
DA:81,14
DA:82,11
DA:86,64
DA:89,7
DA:90,5
DA:93,7
LF:26
LH:26
BRDA:77,0,0,8
BRDA:77,0,1,6
BRDA:77,1,0,14
BRDA:77,1,1,13
BRDA:81,2,0,11
BRDA:81,2,1,3
BRDA:81,3,0,14
BRDA:81,3,1,3
BRDA:89,4,0,5
BRDA:89,4,1,2
BRDA:97,5,0,5
BRDA:97,5,1,2
BRF:12
BRH:12
end_of_record
TN:
SF:D:\Projekty\waether app\weather-app\src\components\Search.vue
FNF:0
FNH:0
DA:36,1
DA:41,3
DA:50,1
DA:52,1
LF:4
LH:4
BRF:0
BRH:0
end_of_record
TN:
SF:D:\Projekty\waether app\weather-app\src\components\Statistics.vue
FNF:0
FNH:0
DA:13,2
DA:28,1
LF:2
LH:2
BRF:0
BRH:0
end_of_record
TN:
SF:D:\Projekty\waether app\weather-app\src\components\TimePeriods.vue
FNF:0
FNH:0
DA:32,4
DA:34,4
DA:35,2
DA:38,2
LF:4
LH:4
BRDA:34,0,0,2
BRDA:34,0,1,2
BRF:2
BRH:2
end_of_record
